This file contains any messages produced by compilers while
running configure, to aid debugging if configure makes a mistake.

It was created by pocketsphinx configure 5prealpha, which was
generated by GNU Autoconf 2.69.  Invocation command line was

  $ ./configure 

## --------- ##
## Platform. ##
## --------- ##

hostname = natep
uname -m = x86_64
uname -r = 4.4.9-300.fc23.x86_64
uname -s = Linux
uname -v = #1 SMP Wed May 4 23:56:27 UTC 2016

/usr/bin/uname -p = x86_64
/bin/uname -X     = unknown

/bin/arch              = x86_64
/usr/bin/arch -k       = unknown
/usr/convex/getsysinfo = unknown
/usr/bin/hostinfo      = unknown
/bin/machine           = unknown
/usr/bin/oslevel       = unknown
/bin/universe          = unknown

PATH: /sbin
PATH: /bin
PATH: /usr/sbin
PATH: /usr/bin


## ----------- ##
## Core tests. ##
## ----------- ##

configure:2534: checking for a BSD-compatible install
configure:2602: result: /bin/install -c
configure:2613: checking whether build environment is sane
configure:2668: result: yes
configure:2819: checking for a thread-safe mkdir -p
configure:2858: result: /bin/mkdir -p
configure:2865: checking for gawk
configure:2881: found /bin/gawk
configure:2892: result: gawk
configure:2903: checking whether make sets $(MAKE)
configure:2925: result: yes
configure:2954: checking whether make supports nested variables
configure:2971: result: yes
configure:3054: checking build system type
configure:3068: result: x86_64-unknown-linux-gnu
configure:3088: checking host system type
configure:3101: result: x86_64-unknown-linux-gnu
configure:3169: checking for gcc
configure:3185: found /bin/gcc
configure:3196: result: gcc
configure:3425: checking for C compiler version
configure:3434: gcc --version >&5
gcc (GCC) 5.3.1 20151207 (Red Hat 5.3.1-2)
Copyright (C) 2015 Free Software Foundation, Inc.
This is free software; see the source for copying conditions.  There is NO
warranty; not even for MERCHANTABILITY or FITNESS FOR A PARTICULAR PURPOSE.

configure:3445: $? = 0
configure:3434: gcc -v >&5
Using built-in specs.
COLLECT_GCC=gcc
COLLECT_LTO_WRAPPER=/usr/libexec/gcc/x86_64-redhat-linux/5.3.1/lto-wrapper
Target: x86_64-redhat-linux
Configured with: ../configure --enable-bootstrap --enable-languages=c,c++,objc,obj-c++,fortran,ada,go,lto --prefix=/usr --mandir=/usr/share/man --infodir=/usr/share/info --with-bugurl=http://bugzilla.redhat.com/bugzilla --enable-shared --enable-threads=posix --enable-checking=release --enable-multilib --with-system-zlib --enable-__cxa_atexit --disable-libunwind-exceptions --enable-gnu-unique-object --enable-linker-build-id --with-linker-hash-style=gnu --enable-plugin --enable-initfini-array --disable-libgcj --with-isl --enable-libmpx --enable-gnu-indirect-function --with-tune=generic --with-arch_32=i686 --build=x86_64-redhat-linux
Thread model: posix
gcc version 5.3.1 20151207 (Red Hat 5.3.1-2) (GCC) 
configure:3445: $? = 0
configure:3434: gcc -V >&5
gcc: error: unrecognized command line option '-V'
gcc: fatal error: no input files
compilation terminated.
configure:3445: $? = 1
configure:3434: gcc -qversion >&5
gcc: error: unrecognized command line option '-qversion'
gcc: fatal error: no input files
compilation terminated.
configure:3445: $? = 1
configure:3465: checking whether the C compiler works
configure:3487: gcc -g -O2 -Wall   conftest.c  >&5
configure:3491: $? = 0
configure:3539: result: yes
configure:3542: checking for C compiler default output file name
configure:3544: result: a.out
configure:3550: checking for suffix of executables
configure:3557: gcc -o conftest -g -O2 -Wall   conftest.c  >&5
configure:3561: $? = 0
configure:3583: result: 
configure:3605: checking whether we are cross compiling
configure:3613: gcc -o conftest -g -O2 -Wall   conftest.c  >&5
configure:3617: $? = 0
configure:3624: ./conftest
configure:3628: $? = 0
configure:3643: result: no
configure:3648: checking for suffix of object files
configure:3670: gcc -c -g -O2 -Wall  conftest.c >&5
configure:3674: $? = 0
configure:3695: result: o
configure:3699: checking whether we are using the GNU C compiler
configure:3718: gcc -c -g -O2 -Wall  conftest.c >&5
configure:3718: $? = 0
configure:3727: result: yes
configure:3736: checking whether gcc accepts -g
configure:3756: gcc -c -g  conftest.c >&5
configure:3756: $? = 0
configure:3797: result: yes
configure:3814: checking for gcc option to accept ISO C89
configure:3877: gcc  -c -g -O2 -Wall  conftest.c >&5
configure:3877: $? = 0
configure:3890: result: none needed
configure:3921: checking for style of include used by make
configure:3949: result: GNU
configure:3975: checking dependency style of gcc
configure:4086: result: gcc3
configure:4107: checking how to run the C preprocessor
configure:4138: gcc -E  conftest.c
configure:4138: $? = 0
configure:4152: gcc -E  conftest.c
conftest.c:9:28: fatal error: ac_nonexistent.h: No such file or directory
compilation terminated.
configure:4152: $? = 1
configure: failed program was:
| /* confdefs.h */
| #define PACKAGE_NAME "pocketsphinx"
| #define PACKAGE_TARNAME "pocketsphinx"
| #define PACKAGE_VERSION "5prealpha"
| #define PACKAGE_STRING "pocketsphinx 5prealpha"
| #define PACKAGE_BUGREPORT ""
| #define PACKAGE_URL ""
| /* end confdefs.h.  */
| #include <ac_nonexistent.h>
configure:4177: result: gcc -E
configure:4197: gcc -E  conftest.c
configure:4197: $? = 0
configure:4211: gcc -E  conftest.c
conftest.c:9:28: fatal error: ac_nonexistent.h: No such file or directory
compilation terminated.
configure:4211: $? = 1
configure: failed program was:
| /* confdefs.h */
| #define PACKAGE_NAME "pocketsphinx"
| #define PACKAGE_TARNAME "pocketsphinx"
| #define PACKAGE_VERSION "5prealpha"
| #define PACKAGE_STRING "pocketsphinx 5prealpha"
| #define PACKAGE_BUGREPORT ""
| #define PACKAGE_URL ""
| /* end confdefs.h.  */
| #include <ac_nonexistent.h>
configure:4240: checking for grep that handles long lines and -e
configure:4298: result: /bin/grep
configure:4303: checking for egrep
configure:4365: result: /bin/grep -E
configure:4370: checking for ANSI C header files
configure:4390: gcc -c -g -O2 -Wall  conftest.c >&5
configure:4390: $? = 0
configure:4463: gcc -o conftest -g -O2 -Wall   conftest.c  >&5
configure:4463: $? = 0
configure:4463: ./conftest
configure:4463: $? = 0
configure:4474: result: yes
configure:4487: checking for sys/types.h
configure:4487: gcc -c -g -O2 -Wall  conftest.c >&5
configure:4487: $? = 0
configure:4487: result: yes
configure:4487: checking for sys/stat.h
configure:4487: gcc -c -g -O2 -Wall  conftest.c >&5
configure:4487: $? = 0
configure:4487: result: yes
configure:4487: checking for stdlib.h
configure:4487: gcc -c -g -O2 -Wall  conftest.c >&5
configure:4487: $? = 0
configure:4487: result: yes
configure:4487: checking for string.h
configure:4487: gcc -c -g -O2 -Wall  conftest.c >&5
configure:4487: $? = 0
configure:4487: result: yes
configure:4487: checking for memory.h
configure:4487: gcc -c -g -O2 -Wall  conftest.c >&5
configure:4487: $? = 0
configure:4487: result: yes
configure:4487: checking for strings.h
configure:4487: gcc -c -g -O2 -Wall  conftest.c >&5
configure:4487: $? = 0
configure:4487: result: yes
configure:4487: checking for inttypes.h
configure:4487: gcc -c -g -O2 -Wall  conftest.c >&5
configure:4487: $? = 0
configure:4487: result: yes
configure:4487: checking for stdint.h
configure:4487: gcc -c -g -O2 -Wall  conftest.c >&5
configure:4487: $? = 0
configure:4487: result: yes
configure:4487: checking for unistd.h
configure:4487: gcc -c -g -O2 -Wall  conftest.c >&5
configure:4487: $? = 0
configure:4487: result: yes
configure:4499: checking whether byte ordering is bigendian
configure:4514: gcc -c -g -O2 -Wall  conftest.c >&5
conftest.c:20:9: error: unknown type name 'not'
         not a universal capable compiler
         ^
conftest.c:20:15: error: expected '=', ',', ';', 'asm' or '__attribute__' before 'universal'
         not a universal capable compiler
               ^
conftest.c:20:15: error: unknown type name 'universal'
configure:4514: $? = 1
configure: failed program was:
| /* confdefs.h */
| #define PACKAGE_NAME "pocketsphinx"
| #define PACKAGE_TARNAME "pocketsphinx"
| #define PACKAGE_VERSION "5prealpha"
| #define PACKAGE_STRING "pocketsphinx 5prealpha"
| #define PACKAGE_BUGREPORT ""
| #define PACKAGE_URL ""
| #define STDC_HEADERS 1
| #define HAVE_SYS_TYPES_H 1
| #define HAVE_SYS_STAT_H 1
| #define HAVE_STDLIB_H 1
| #define HAVE_STRING_H 1
| #define HAVE_MEMORY_H 1
| #define HAVE_STRINGS_H 1
| #define HAVE_INTTYPES_H 1
| #define HAVE_STDINT_H 1
| #define HAVE_UNISTD_H 1
| /* end confdefs.h.  */
| #ifndef __APPLE_CC__
| 	       not a universal capable compiler
| 	     #endif
| 	     typedef int dummy;
| 
configure:4559: gcc -c -g -O2 -Wall  conftest.c >&5
configure:4559: $? = 0
configure:4577: gcc -c -g -O2 -Wall  conftest.c >&5
conftest.c: In function 'main':
conftest.c:26:4: error: unknown type name 'not'
    not big endian
    ^
conftest.c:26:12: error: expected '=', ',', ';', 'asm' or '__attribute__' before 'endian'
    not big endian
            ^
configure:4577: $? = 1
configure: failed program was:
| /* confdefs.h */
| #define PACKAGE_NAME "pocketsphinx"
| #define PACKAGE_TARNAME "pocketsphinx"
| #define PACKAGE_VERSION "5prealpha"
| #define PACKAGE_STRING "pocketsphinx 5prealpha"
| #define PACKAGE_BUGREPORT ""
| #define PACKAGE_URL ""
| #define STDC_HEADERS 1
| #define HAVE_SYS_TYPES_H 1
| #define HAVE_SYS_STAT_H 1
| #define HAVE_STDLIB_H 1
| #define HAVE_STRING_H 1
| #define HAVE_MEMORY_H 1
| #define HAVE_STRINGS_H 1
| #define HAVE_INTTYPES_H 1
| #define HAVE_STDINT_H 1
| #define HAVE_UNISTD_H 1
| /* end confdefs.h.  */
| #include <sys/types.h>
| 		#include <sys/param.h>
| 
| int
| main ()
| {
| #if BYTE_ORDER != BIG_ENDIAN
| 		 not big endian
| 		#endif
| 
|   ;
|   return 0;
| }
configure:4705: result: no
configure:4723: checking for long long
configure:4723: gcc -c -g -O2 -Wall  conftest.c >&5
configure:4723: $? = 0
configure:4723: gcc -c -g -O2 -Wall  conftest.c >&5
conftest.c: In function 'main':
conftest.c:55:24: error: expected expression before ')' token
 if (sizeof ((long long)))
                        ^
configure:4723: $? = 1
configure: failed program was:
| /* confdefs.h */
| #define PACKAGE_NAME "pocketsphinx"
| #define PACKAGE_TARNAME "pocketsphinx"
| #define PACKAGE_VERSION "5prealpha"
| #define PACKAGE_STRING "pocketsphinx 5prealpha"
| #define PACKAGE_BUGREPORT ""
| #define PACKAGE_URL ""
| #define STDC_HEADERS 1
| #define HAVE_SYS_TYPES_H 1
| #define HAVE_SYS_STAT_H 1
| #define HAVE_STDLIB_H 1
| #define HAVE_STRING_H 1
| #define HAVE_MEMORY_H 1
| #define HAVE_STRINGS_H 1
| #define HAVE_INTTYPES_H 1
| #define HAVE_STDINT_H 1
| #define HAVE_UNISTD_H 1
| /* end confdefs.h.  */
| #include <stdio.h>
| #ifdef HAVE_SYS_TYPES_H
| # include <sys/types.h>
| #endif
| #ifdef HAVE_SYS_STAT_H
| # include <sys/stat.h>
| #endif
| #ifdef STDC_HEADERS
| # include <stdlib.h>
| # include <stddef.h>
| #else
| # ifdef HAVE_STDLIB_H
| #  include <stdlib.h>
| # endif
| #endif
| #ifdef HAVE_STRING_H
| # if !defined STDC_HEADERS && defined HAVE_MEMORY_H
| #  include <memory.h>
| # endif
| # include <string.h>
| #endif
| #ifdef HAVE_STRINGS_H
| # include <strings.h>
| #endif
| #ifdef HAVE_INTTYPES_H
| # include <inttypes.h>
| #endif
| #ifdef HAVE_STDINT_H
| # include <stdint.h>
| #endif
| #ifdef HAVE_UNISTD_H
| # include <unistd.h>
| #endif
| int
| main ()
| {
| if (sizeof ((long long)))
| 	    return 0;
|   ;
|   return 0;
| }
configure:4723: result: yes
configure:4737: checking size of long long
configure:4742: gcc -o conftest -g -O2 -Wall   conftest.c  >&5
configure:4742: $? = 0
configure:4742: ./conftest
configure:4742: $? = 0
configure:4756: result: 8
configure:4768: checking for dup2
configure:4768: gcc -o conftest -g -O2 -Wall   conftest.c  >&5
configure:4768: $? = 0
configure:4768: result: yes
configure:4824: checking how to print strings
configure:4851: result: printf
configure:4872: checking for a sed that does not truncate output
configure:4936: result: /bin/sed
configure:4954: checking for fgrep
configure:5016: result: /bin/grep -F
configure:5051: checking for ld used by gcc
configure:5118: result: /bin/ld
configure:5125: checking if the linker (/bin/ld) is GNU ld
configure:5140: result: yes
configure:5152: checking for BSD- or MS-compatible name lister (nm)
configure:5201: result: /bin/nm -B
configure:5331: checking the name lister (/bin/nm -B) interface
configure:5338: gcc -c -g -O2 -Wall  conftest.c >&5
configure:5341: /bin/nm -B "conftest.o"
configure:5344: output
0000000000000000 B some_variable
configure:5351: result: BSD nm
configure:5354: checking whether ln -s works
configure:5358: result: yes
configure:5366: checking the maximum length of command line arguments
configure:5496: result: 1572864
configure:5513: checking whether the shell understands some XSI constructs
configure:5523: result: yes
configure:5527: checking whether the shell understands "+="
configure:5533: result: yes
configure:5568: checking how to convert x86_64-unknown-linux-gnu file names to x86_64-unknown-linux-gnu format
configure:5608: result: func_convert_file_noop
configure:5615: checking how to convert x86_64-unknown-linux-gnu file names to toolchain format
configure:5635: result: func_convert_file_noop
configure:5642: checking for /bin/ld option to reload object files
configure:5649: result: -r
configure:5723: checking for objdump
configure:5739: found /bin/objdump
configure:5750: result: objdump
configure:5782: checking how to recognize dependent libraries
configure:5984: result: pass_all
configure:6069: checking for dlltool
configure:6099: result: no
configure:6129: checking how to associate runtime and link libraries
configure:6156: result: printf %s\n
configure:6216: checking for ar
configure:6232: found /bin/ar
configure:6243: result: ar
configure:6280: checking for archiver @FILE support
configure:6297: gcc -c -g -O2 -Wall  conftest.c >&5
configure:6297: $? = 0
configure:6300: ar cru libconftest.a @conftest.lst >&5
ar: `u' modifier ignored since `D' is the default (see `U')
configure:6303: $? = 0
configure:6308: ar cru libconftest.a @conftest.lst >&5
ar: `u' modifier ignored since `D' is the default (see `U')
ar: conftest.o: No such file or directory
configure:6311: $? = 1
configure:6323: result: @
configure:6381: checking for strip
configure:6397: found /bin/strip
configure:6408: result: strip
configure:6480: checking for ranlib
configure:6496: found /bin/ranlib
configure:6507: result: ranlib
configure:6609: checking command to parse /bin/nm -B output from gcc object
configure:6729: gcc -c -g -O2 -Wall  conftest.c >&5
configure:6732: $? = 0
configure:6736: /bin/nm -B conftest.o \| sed -n -e 's/^.*[ ]\([ABCDGIRSTW][ABCDGIRSTW]*\)[ ][ ]*\([_A-Za-z][_A-Za-z0-9]*\)$/\1 \2 \2/p' | sed '/ __gnu_lto/d' \> conftest.nm
configure:6739: $? = 0
configure:6805: gcc -o conftest -g -O2 -Wall   conftest.c conftstm.o >&5
configure:6808: $? = 0
configure:6846: result: ok
configure:6883: checking for sysroot
configure:6913: result: no
configure:6990: gcc -c -g -O2 -Wall  conftest.c >&5
configure:6993: $? = 0
configure:7169: checking for mt
configure:7199: result: no
configure:7219: checking if : is a manifest tool
configure:7225: : '-?'
configure:7233: result: no
configure:7872: checking for dlfcn.h
configure:7872: gcc -c -g -O2 -Wall  conftest.c >&5
configure:7872: $? = 0
configure:7872: result: yes
configure:8078: checking for objdir
configure:8093: result: .libs
configure:8364: checking if gcc supports -fno-rtti -fno-exceptions
configure:8382: gcc -c -g -O2 -Wall  -fno-rtti -fno-exceptions conftest.c >&5
cc1: warning: command line option '-fno-rtti' is valid for C++/ObjC++ but not for C
configure:8386: $? = 0
configure:8399: result: no
configure:8726: checking for gcc option to produce PIC
configure:8733: result: -fPIC -DPIC
configure:8741: checking if gcc PIC flag -fPIC -DPIC works
configure:8759: gcc -c -g -O2 -Wall  -fPIC -DPIC -DPIC conftest.c >&5
configure:8763: $? = 0
configure:8776: result: yes
configure:8805: checking if gcc static flag -static works
configure:8833: result: no
configure:8848: checking if gcc supports -c -o file.o
configure:8869: gcc -c -g -O2 -Wall  -o out/conftest2.o conftest.c >&5
configure:8873: $? = 0
configure:8895: result: yes
configure:8903: checking if gcc supports -c -o file.o
configure:8950: result: yes
configure:8983: checking whether the gcc linker (/bin/ld -m elf_x86_64) supports shared libraries
configure:10136: result: yes
configure:10173: checking whether -lc should be explicitly linked in
configure:10181: gcc -c -g -O2 -Wall  conftest.c >&5
configure:10184: $? = 0
configure:10199: gcc -shared  -fPIC -DPIC conftest.o  -v -Wl,-soname -Wl,conftest -o conftest 2\>\&1 \| /bin/grep  -lc  \>/dev/null 2\>\&1
configure:10202: $? = 0
configure:10216: result: no
configure:10376: checking dynamic linker characteristics
configure:10887: gcc -o conftest -g -O2 -Wall   -Wl,-rpath -Wl,/foo conftest.c  >&5
configure:10887: $? = 0
configure:11113: result: GNU/Linux ld.so
configure:11220: checking how to hardcode library paths into programs
configure:11245: result: immediate
configure:11785: checking whether stripping libraries is possible
configure:11790: result: yes
configure:11825: checking if libtool supports shared libraries
configure:11827: result: yes
configure:11830: checking whether to build shared libraries
configure:11851: result: yes
configure:11854: checking whether to build static libraries
configure:11858: result: yes
configure:11898: checking for pkg-config
configure:11914: found /bin/pkg-config
configure:11926: result: yes
configure:11937: checking for doxygen
configure:11965: result: no
configure:12025: checking for a Python interpreter with version >= 2.4
configure:12042: python -c import sys # split strings by '.' and convert to numeric. Append some zeros # because we need at least 4 digits for the hex conversion. # map returns an iterator in Python 3.0 and a list in 2.x minver = list(map(int, '2.4'.split('.'))) + [0, 0, 0] minverhex = 0 # xrange is not present in Python 3.0 and range returns an iterator for i in list(range(0, 4)): minverhex = (minverhex << 8) + minver[i] sys.exit(sys.hexversion < minverhex)
configure:12045: $? = 0
configure:12051: result: python
configure:12059: checking for python
configure:12077: found /bin/python
configure:12089: result: /bin/python
configure:12107: checking for python version
configure:12114: result: 2.7
configure:12126: checking for python platform
configure:12133: result: linux2
configure:12159: checking for python script directory
configure:12194: result: ${prefix}/lib/python2.7/site-packages
configure:12203: checking for python extension module directory
configure:12238: result: ${exec_prefix}/lib64/python2.7/site-packages
configure:12251: checking for python include path
configure:12267: result: -I/usr/include/python2.7
configure:12275: checking for swig
configure:12293: found /bin/swig
configure:12305: result: /bin/swig
configure:12319: checking SWIG version
configure:12322: result: 3.0.7
configure:12371: checking for SWIG library
configure:12374: result: /usr/share/swig/3.0.7
configure:12450: checking for pkg-config
configure:12468: found /bin/pkg-config
configure:12480: result: /bin/pkg-config
configure:12505: checking pkg-config is at least version 0.9.0
configure:12508: result: yes
configure:12519: checking for GStreamer
configure:12529: $PKG_CONFIG --exists --print-errors "gstreamer-$GST_MAJORMINOR >= 1.0
		       gstreamer-base-$GST_MAJORMINOR >= 1.0
		       gstreamer-plugins-base-$GST_MAJORMINOR >= 1.0"
Package gstreamer-1.0 was not found in the pkg-config search path.
Perhaps you should add the directory containing `gstreamer-1.0.pc'
to the PKG_CONFIG_PATH environment variable
No package 'gstreamer-1.0' found
Package gstreamer-base-1.0 was not found in the pkg-config search path.
Perhaps you should add the directory containing `gstreamer-base-1.0.pc'
to the PKG_CONFIG_PATH environment variable
No package 'gstreamer-base-1.0' found
Package gstreamer-plugins-base-1.0 was not found in the pkg-config search path.
Perhaps you should add the directory containing `gstreamer-plugins-base-1.0.pc'
to the PKG_CONFIG_PATH environment variable
No package 'gstreamer-plugins-base-1.0' found
configure:12534: $? = 1
configure:12553: $PKG_CONFIG --exists --print-errors "gstreamer-$GST_MAJORMINOR >= 1.0
		       gstreamer-base-$GST_MAJORMINOR >= 1.0
		       gstreamer-plugins-base-$GST_MAJORMINOR >= 1.0"
Package gstreamer-1.0 was not found in the pkg-config search path.
Perhaps you should add the directory containing `gstreamer-1.0.pc'
to the PKG_CONFIG_PATH environment variable
No package 'gstreamer-1.0' found
Package gstreamer-base-1.0 was not found in the pkg-config search path.
Perhaps you should add the directory containing `gstreamer-base-1.0.pc'
to the PKG_CONFIG_PATH environment variable
No package 'gstreamer-base-1.0' found
Package gstreamer-plugins-base-1.0 was not found in the pkg-config search path.
Perhaps you should add the directory containing `gstreamer-plugins-base-1.0.pc'
to the PKG_CONFIG_PATH environment variable
No package 'gstreamer-plugins-base-1.0' found
configure:12558: $? = 1
No package 'gstreamer-1.0' found
No package 'gstreamer-base-1.0' found
No package 'gstreamer-plugins-base-1.0' found
configure:12592: result: no
configure:12652: checking for sphinxbase in /home/nate/Documents/sphynx/speech/pocketsphinx-5prealpha/../sphinxbase
configure:12660: result: no
configure:12652: checking for sphinxbase in /home/nate/Documents/sphynx/speech/pocketsphinx-5prealpha/../sphinxbase-5prealpha
configure:12656: result: yes
configure:12933: checking that generated files are newer than configure
configure:12939: result: done
configure:12975: creating ./config.status

## ---------------------- ##
## Running config.status. ##
## ---------------------- ##

This file was extended by pocketsphinx config.status 5prealpha, which was
generated by GNU Autoconf 2.69.  Invocation command line was

  CONFIG_FILES    = 
  CONFIG_HEADERS  = 
  CONFIG_LINKS    = 
  CONFIG_COMMANDS = 
  $ ./config.status 

on natep

config.status:1051: creating pocketsphinx.pc
config.status:1051: creating Makefile
config.status:1051: creating include/Makefile
config.status:1051: creating src/Makefile
config.status:1051: creating swig/Makefile
config.status:1051: creating swig/python/Makefile
config.status:1051: creating swig/python/test/Makefile
config.status:1051: creating src/libpocketsphinx/Makefile
config.status:1051: creating src/programs/Makefile
config.status:1051: creating src/gst-plugin/Makefile
config.status:1051: creating doc/Makefile
config.status:1051: creating doc/doxyfile
config.status:1051: creating model/Makefile
config.status:1051: creating test/Makefile
config.status:1051: creating test/testfuncs.sh
config.status:1051: creating test/unit/Makefile
config.status:1051: creating test/regression/Makefile
config.status:1223: executing depfiles commands
config.status:1223: executing libtool commands

## ---------------- ##
## Cache variables. ##
## ---------------- ##

ac_cv_build=x86_64-unknown-linux-gnu
ac_cv_c_bigendian=no
ac_cv_c_compiler_gnu=yes
ac_cv_env_CC_set=
ac_cv_env_CC_value=
ac_cv_env_CFLAGS_set=
ac_cv_env_CFLAGS_value=
ac_cv_env_CPPFLAGS_set=
ac_cv_env_CPPFLAGS_value=
ac_cv_env_CPP_set=
ac_cv_env_CPP_value=
ac_cv_env_GStreamer_CFLAGS_set=
ac_cv_env_GStreamer_CFLAGS_value=
ac_cv_env_GStreamer_LIBS_set=
ac_cv_env_GStreamer_LIBS_value=
ac_cv_env_LDFLAGS_set=
ac_cv_env_LDFLAGS_value=
ac_cv_env_LIBS_set=
ac_cv_env_LIBS_value=
ac_cv_env_PKG_CONFIG_set=
ac_cv_env_PKG_CONFIG_value=
ac_cv_env_PYTHON_set=
ac_cv_env_PYTHON_value=
ac_cv_env_SPHINXBASE_CFLAGS_set=
ac_cv_env_SPHINXBASE_CFLAGS_value=
ac_cv_env_SPHINXBASE_LIBS_set=
ac_cv_env_SPHINXBASE_LIBS_value=
ac_cv_env_build_alias_set=
ac_cv_env_build_alias_value=
ac_cv_env_host_alias_set=
ac_cv_env_host_alias_value=
ac_cv_env_target_alias_set=
ac_cv_env_target_alias_value=
ac_cv_func_dup2=yes
ac_cv_header_dlfcn_h=yes
ac_cv_header_inttypes_h=yes
ac_cv_header_memory_h=yes
ac_cv_header_stdc=yes
ac_cv_header_stdint_h=yes
ac_cv_header_stdlib_h=yes
ac_cv_header_string_h=yes
ac_cv_header_strings_h=yes
ac_cv_header_sys_stat_h=yes
ac_cv_header_sys_types_h=yes
ac_cv_header_unistd_h=yes
ac_cv_host=x86_64-unknown-linux-gnu
ac_cv_objext=o
ac_cv_path_EGREP='/bin/grep -E'
ac_cv_path_FGREP='/bin/grep -F'
ac_cv_path_GREP=/bin/grep
ac_cv_path_PYTHON=/bin/python
ac_cv_path_SED=/bin/sed
ac_cv_path_SWIG=/bin/swig
ac_cv_path_ac_pt_PKG_CONFIG=/bin/pkg-config
ac_cv_path_install='/bin/install -c'
ac_cv_path_mkdir=/bin/mkdir
ac_cv_prog_AWK=gawk
ac_cv_prog_CPP='gcc -E'
ac_cv_prog_HAVE_DOXYGEN=no
ac_cv_prog_HAVE_PKGCONFIG=yes
ac_cv_prog_ac_ct_AR=ar
ac_cv_prog_ac_ct_CC=gcc
ac_cv_prog_ac_ct_OBJDUMP=objdump
ac_cv_prog_ac_ct_RANLIB=ranlib
ac_cv_prog_ac_ct_STRIP=strip
ac_cv_prog_cc_c89=
ac_cv_prog_cc_g=yes
ac_cv_prog_make_make_set=yes
ac_cv_sizeof_long_long=8
ac_cv_type_long_long=yes
am_cv_CC_dependencies_compiler_type=gcc3
am_cv_make_support_nested_variables=yes
am_cv_pathless_PYTHON=python
am_cv_python_platform=linux2
am_cv_python_pyexecdir='${exec_prefix}/lib64/python2.7/site-packages'
am_cv_python_pythondir='${prefix}/lib/python2.7/site-packages'
am_cv_python_version=2.7
lt_cv_ar_at_file=@
lt_cv_archive_cmds_need_lc=no
lt_cv_deplibs_check_method=pass_all
lt_cv_file_magic_cmd='$MAGIC_CMD'
lt_cv_file_magic_test_file=
lt_cv_ld_reload_flag=-r
lt_cv_nm_interface='BSD nm'
lt_cv_objdir=.libs
lt_cv_path_LD=/bin/ld
lt_cv_path_NM='/bin/nm -B'
lt_cv_path_mainfest_tool=no
lt_cv_prog_compiler_c_o=yes
lt_cv_prog_compiler_pic='-fPIC -DPIC'
lt_cv_prog_compiler_pic_works=yes
lt_cv_prog_compiler_rtti_exceptions=no
lt_cv_prog_compiler_static_works=no
lt_cv_prog_gnu_ld=yes
lt_cv_sharedlib_from_linklib_cmd='printf %s\n'
lt_cv_shlibpath_overrides_runpath=no
lt_cv_sys_global_symbol_pipe='sed -n -e '\''s/^.*[	 ]\([ABCDGIRSTW][ABCDGIRSTW]*\)[	 ][	 ]*\([_A-Za-z][_A-Za-z0-9]*\)$/\1 \2 \2/p'\'' | sed '\''/ __gnu_lto/d'\'''
lt_cv_sys_global_symbol_to_c_name_address='sed -n -e '\''s/^: \([^ ]*\)[ ]*$/  {\"\1\", (void *) 0},/p'\'' -e '\''s/^[ABCDGIRSTW]* \([^ ]*\) \([^ ]*\)$/  {"\2", (void *) \&\2},/p'\'''
lt_cv_sys_global_symbol_to_c_name_address_lib_prefix='sed -n -e '\''s/^: \([^ ]*\)[ ]*$/  {\"\1\", (void *) 0},/p'\'' -e '\''s/^[ABCDGIRSTW]* \([^ ]*\) \(lib[^ ]*\)$/  {"\2", (void *) \&\2},/p'\'' -e '\''s/^[ABCDGIRSTW]* \([^ ]*\) \([^ ]*\)$/  {"lib\2", (void *) \&\2},/p'\'''
lt_cv_sys_global_symbol_to_cdecl='sed -n -e '\''s/^T .* \(.*\)$/extern int \1();/p'\'' -e '\''s/^[ABCDGIRSTW]* .* \(.*\)$/extern char \1;/p'\'''
lt_cv_sys_max_cmd_len=1572864
lt_cv_to_host_file_cmd=func_convert_file_noop
lt_cv_to_tool_file_cmd=func_convert_file_noop

## ----------------- ##
## Output variables. ##
## ----------------- ##

ACLOCAL='${SHELL} /home/nate/Documents/sphynx/speech/pocketsphinx-5prealpha/missing aclocal-1.13'
AMDEPBACKSLASH='\'
AMDEP_FALSE='#'
AMDEP_TRUE=''
AMTAR='$${TAR-tar}'
AM_BACKSLASH='\'
AM_DEFAULT_V='$(AM_DEFAULT_VERBOSITY)'
AM_DEFAULT_VERBOSITY='1'
AM_V='$(V)'
AR='ar'
AUTOCONF='${SHELL} /home/nate/Documents/sphynx/speech/pocketsphinx-5prealpha/missing autoconf'
AUTOHEADER='${SHELL} /home/nate/Documents/sphynx/speech/pocketsphinx-5prealpha/missing autoheader'
AUTOMAKE='${SHELL} /home/nate/Documents/sphynx/speech/pocketsphinx-5prealpha/missing automake-1.13'
AWK='gawk'
BUILD_DOXYGEN_FALSE=''
BUILD_DOXYGEN_TRUE='#'
BUILD_GST_FALSE=''
BUILD_GST_TRUE='#'
BUILD_SWIG_FALSE='#'
BUILD_SWIG_TRUE=''
CC='gcc'
CCDEPMODE='depmode=gcc3'
CFLAGS='-g -O2 -Wall'
CPP='gcc -E'
CPPFLAGS=' -I/home/nate/Documents/sphynx/speech/pocketsphinx-5prealpha/../sphinxbase-5prealpha/include'
CYGPATH_W='echo'
DEFS='-DPACKAGE_NAME=\"pocketsphinx\" -DPACKAGE_TARNAME=\"pocketsphinx\" -DPACKAGE_VERSION=\"5prealpha\" -DPACKAGE_STRING=\"pocketsphinx\ 5prealpha\" -DPACKAGE_BUGREPORT=\"\" -DPACKAGE_URL=\"\" -DSTDC_HEADERS=1 -DHAVE_SYS_TYPES_H=1 -DHAVE_SYS_STAT_H=1 -DHAVE_STDLIB_H=1 -DHAVE_STRING_H=1 -DHAVE_MEMORY_H=1 -DHAVE_STRINGS_H=1 -DHAVE_INTTYPES_H=1 -DHAVE_STDINT_H=1 -DHAVE_UNISTD_H=1 -DHAVE_LONG_LONG=1 -DSIZEOF_LONG_LONG=8 -DHAVE_DUP2=1 -DHAVE_DLFCN_H=1 -DLT_OBJDIR=\".libs/\"'
DEPDIR='.deps'
DLLTOOL='false'
DSYMUTIL=''
DUMPBIN=''
ECHO_C=''
ECHO_N='-n'
ECHO_T=''
EGREP='/bin/grep -E'
EXEEXT=''
FGREP='/bin/grep -F'
GREP='/bin/grep'
GST_CFLAGS=' '
GST_LIBS=''
GST_MAJORMINOR='1.0'
GST_PLUGIN_LDFLAGS='-module -avoid-version -export-symbols-regex _*\(gst_\|Gst\|GST_\).*'
GStreamer_CFLAGS=''
GStreamer_LIBS=''
HAVE_DOXYGEN='no'
HAVE_PKGCONFIG='yes'
INSTALL_DATA='${INSTALL} -m 644'
INSTALL_PROGRAM='${INSTALL}'
INSTALL_SCRIPT='${INSTALL}'
INSTALL_STRIP_PROGRAM='$(install_sh) -c -s'
LD='/bin/ld -m elf_x86_64'
LDFLAGS=' -L/home/nate/Documents/sphynx/speech/pocketsphinx-5prealpha/../sphinxbase-5prealpha/src/libsphinxad 		     -L/home/nate/Documents/sphynx/speech/pocketsphinx-5prealpha/../sphinxbase-5prealpha/src/libsphinxbase'
LIBOBJS=''
LIBS=' -lsphinxbase'
LIBTOOL='$(SHELL) $(top_builddir)/libtool'
LIPO=''
LN_S='ln -s'
LTLIBOBJS=''
MAKEINFO='${SHELL} /home/nate/Documents/sphynx/speech/pocketsphinx-5prealpha/missing makeinfo'
MANIFEST_TOOL=':'
MKDIR_P='/bin/mkdir -p'
NM='/bin/nm -B'
NMEDIT=''
OBJDUMP='objdump'
OBJEXT='o'
OTOOL64=''
OTOOL=''
PACKAGE='pocketsphinx'
PACKAGE_BUGREPORT=''
PACKAGE_NAME='pocketsphinx'
PACKAGE_STRING='pocketsphinx 5prealpha'
PACKAGE_TARNAME='pocketsphinx'
PACKAGE_URL=''
PACKAGE_VERSION='5prealpha'
PATH_SEPARATOR=':'
PKG_CONFIG='/bin/pkg-config'
PYTHON='/bin/python'
PYTHON_CPPFLAGS='-I/usr/include/python2.7'
PYTHON_EXEC_PREFIX='${exec_prefix}'
PYTHON_PLATFORM='linux2'
PYTHON_PREFIX='${prefix}'
PYTHON_VERSION='2.7'
RANLIB='ranlib'
SED='/bin/sed'
SET_MAKE=''
SHELL='/bin/sh'
SPHINXBASE_CFLAGS=''
SPHINXBASE_LIBS=''
SPHINXBASE_SWIG='/home/nate/Documents/sphynx/speech/pocketsphinx-5prealpha/../sphinxbase-5prealpha/swig'
STRIP='strip'
SWIG='/bin/swig'
SWIG_LIB='/usr/share/swig/3.0.7'
VERSION='5prealpha'
ac_ct_AR='ar'
ac_ct_CC='gcc'
ac_ct_DUMPBIN=''
am__EXEEXT_FALSE=''
am__EXEEXT_TRUE='#'
am__fastdepCC_FALSE='#'
am__fastdepCC_TRUE=''
am__include='include'
am__isrc=''
am__leading_dot='.'
am__nodep='_no'
am__quote=''
am__tar='$${TAR-tar} chof - "$$tardir"'
am__untar='$${TAR-tar} xf -'
bindir='${exec_prefix}/bin'
build='x86_64-unknown-linux-gnu'
build_alias=''
build_cpu='x86_64'
build_os='linux-gnu'
build_vendor='unknown'
datadir='${datarootdir}'
datarootdir='${prefix}/share'
docdir='${datarootdir}/doc/${PACKAGE_TARNAME}'
dvidir='${docdir}'
exec_prefix='${prefix}'
host='x86_64-unknown-linux-gnu'
host_alias=''
host_cpu='x86_64'
host_os='linux-gnu'
host_vendor='unknown'
htmldir='${docdir}'
includedir='${prefix}/include'
infodir='${datarootdir}/info'
install_sh='${SHELL} /home/nate/Documents/sphynx/speech/pocketsphinx-5prealpha/install-sh'
libdir='${exec_prefix}/lib'
libexecdir='${exec_prefix}/libexec'
localedir='${datarootdir}/locale'
localstatedir='${prefix}/var'
mandir='${datarootdir}/man'
mkdir_p='$(MKDIR_P)'
oldincludedir='/usr/include'
pdfdir='${docdir}'
pkgpyexecdir='${pyexecdir}/pocketsphinx'
pkgpythondir='${pythondir}/pocketsphinx'
plugindir='$(libdir)/gstreamer-1.0'
prefix='/usr/local'
program_transform_name='s,x,x,'
psdir='${docdir}'
pyexecdir='${exec_prefix}/lib64/python2.7/site-packages'
pythondir='${prefix}/lib/python2.7/site-packages'
sbindir='${exec_prefix}/sbin'
sharedstatedir='${prefix}/com'
sysconfdir='${prefix}/etc'
target_alias=''

## ----------- ##
## confdefs.h. ##
## ----------- ##

/* confdefs.h */
#define PACKAGE_NAME "pocketsphinx"
#define PACKAGE_TARNAME "pocketsphinx"
#define PACKAGE_VERSION "5prealpha"
#define PACKAGE_STRING "pocketsphinx 5prealpha"
#define PACKAGE_BUGREPORT ""
#define PACKAGE_URL ""
#define STDC_HEADERS 1
#define HAVE_SYS_TYPES_H 1
#define HAVE_SYS_STAT_H 1
#define HAVE_STDLIB_H 1
#define HAVE_STRING_H 1
#define HAVE_MEMORY_H 1
#define HAVE_STRINGS_H 1
#define HAVE_INTTYPES_H 1
#define HAVE_STDINT_H 1
#define HAVE_UNISTD_H 1
#define HAVE_LONG_LONG 1
#define SIZEOF_LONG_LONG 8
#define HAVE_DUP2 1
#define HAVE_DLFCN_H 1
#define LT_OBJDIR ".libs/"

configure: exit 0
