This file contains any messages produced by compilers while
running configure, to aid debugging if configure makes a mistake.

It was created by pocketsphinx configure 5prealpha, which was
generated by GNU Autoconf 2.69.  Invocation command line was

  $ ./configure 

## --------- ##
## Platform. ##
## --------- ##

hostname = natep
uname -m = x86_64
uname -r = 4.4.9-300.fc23.x86_64
uname -s = Linux
uname -v = #1 SMP Wed May 4 23:56:27 UTC 2016

/usr/bin/uname -p = x86_64
/bin/uname -X     = unknown

/bin/arch              = x86_64
/usr/bin/arch -k       = unknown
/usr/convex/getsysinfo = unknown
/usr/bin/hostinfo      = unknown
/bin/machine           = unknown
/usr/bin/oslevel       = unknown
/bin/universe          = unknown

PATH: /home/nate/cmus/bin
PATH: /home/nate/cmus/bin
PATH: /home/nate/.sdkman/candidates/groovy/current/bin
PATH: /home/nate/.sdkman/candidates/grails/current/bin
PATH: /usr/lib64/qt-3.3/bin
PATH: /usr/local/bin
PATH: /usr/local/sbin
PATH: /usr/bin
PATH: /usr/sbin
PATH: /home/nate/.local/bin
PATH: /home/nate/bin


## ----------- ##
## Core tests. ##
## ----------- ##

configure:2542: checking for a BSD-compatible install
configure:2610: result: /usr/bin/install -c
configure:2621: checking whether build environment is sane
configure:2676: result: yes
configure:2827: checking for a thread-safe mkdir -p
configure:2866: result: /usr/bin/mkdir -p
configure:2873: checking for gawk
configure:2889: found /usr/bin/gawk
configure:2900: result: gawk
configure:2911: checking whether make sets $(MAKE)
configure:2933: result: yes
configure:2962: checking whether make supports nested variables
configure:2979: result: yes
configure:3104: checking build system type
configure:3118: result: x86_64-unknown-linux-gnu
configure:3138: checking host system type
configure:3151: result: x86_64-unknown-linux-gnu
configure:3219: checking for gcc
configure:3235: found /usr/bin/gcc
configure:3246: result: gcc
configure:3475: checking for C compiler version
configure:3484: gcc --version >&5
gcc (GCC) 5.3.1 20151207 (Red Hat 5.3.1-2)
Copyright (C) 2015 Free Software Foundation, Inc.
This is free software; see the source for copying conditions.  There is NO
warranty; not even for MERCHANTABILITY or FITNESS FOR A PARTICULAR PURPOSE.

configure:3495: $? = 0
configure:3484: gcc -v >&5
Using built-in specs.
COLLECT_GCC=gcc
COLLECT_LTO_WRAPPER=/usr/libexec/gcc/x86_64-redhat-linux/5.3.1/lto-wrapper
Target: x86_64-redhat-linux
Configured with: ../configure --enable-bootstrap --enable-languages=c,c++,objc,obj-c++,fortran,ada,go,lto --prefix=/usr --mandir=/usr/share/man --infodir=/usr/share/info --with-bugurl=http://bugzilla.redhat.com/bugzilla --enable-shared --enable-threads=posix --enable-checking=release --enable-multilib --with-system-zlib --enable-__cxa_atexit --disable-libunwind-exceptions --enable-gnu-unique-object --enable-linker-build-id --with-linker-hash-style=gnu --enable-plugin --enable-initfini-array --disable-libgcj --with-isl --enable-libmpx --enable-gnu-indirect-function --with-tune=generic --with-arch_32=i686 --build=x86_64-redhat-linux
Thread model: posix
gcc version 5.3.1 20151207 (Red Hat 5.3.1-2) (GCC) 
configure:3495: $? = 0
configure:3484: gcc -V >&5
gcc: error: unrecognized command line option '-V'
gcc: fatal error: no input files
compilation terminated.
configure:3495: $? = 1
configure:3484: gcc -qversion >&5
gcc: error: unrecognized command line option '-qversion'
gcc: fatal error: no input files
compilation terminated.
configure:3495: $? = 1
configure:3515: checking whether the C compiler works
configure:3537: gcc -g -O2 -Wall   conftest.c  >&5
configure:3541: $? = 0
configure:3589: result: yes
configure:3592: checking for C compiler default output file name
configure:3594: result: a.out
configure:3600: checking for suffix of executables
configure:3607: gcc -o conftest -g -O2 -Wall   conftest.c  >&5
configure:3611: $? = 0
configure:3633: result: 
configure:3655: checking whether we are cross compiling
configure:3663: gcc -o conftest -g -O2 -Wall   conftest.c  >&5
configure:3667: $? = 0
configure:3674: ./conftest
configure:3678: $? = 0
configure:3693: result: no
configure:3698: checking for suffix of object files
configure:3720: gcc -c -g -O2 -Wall  conftest.c >&5
configure:3724: $? = 0
configure:3745: result: o
configure:3749: checking whether we are using the GNU C compiler
configure:3768: gcc -c -g -O2 -Wall  conftest.c >&5
configure:3768: $? = 0
configure:3777: result: yes
configure:3786: checking whether gcc accepts -g
configure:3806: gcc -c -g  conftest.c >&5
configure:3806: $? = 0
configure:3847: result: yes
configure:3864: checking for gcc option to accept ISO C89
configure:3927: gcc  -c -g -O2 -Wall  conftest.c >&5
configure:3927: $? = 0
configure:3940: result: none needed
configure:3965: checking whether gcc understands -c and -o together
configure:3987: gcc -c conftest.c -o conftest2.o
configure:3990: $? = 0
configure:3987: gcc -c conftest.c -o conftest2.o
configure:3990: $? = 0
configure:4002: result: yes
configure:4030: checking for style of include used by make
configure:4058: result: GNU
configure:4084: checking dependency style of gcc
configure:4195: result: gcc3
configure:4216: checking how to run the C preprocessor
configure:4247: gcc -E  conftest.c
configure:4247: $? = 0
configure:4261: gcc -E  conftest.c
conftest.c:9:28: fatal error: ac_nonexistent.h: No such file or directory
compilation terminated.
configure:4261: $? = 1
configure: failed program was:
| /* confdefs.h */
| #define PACKAGE_NAME "pocketsphinx"
| #define PACKAGE_TARNAME "pocketsphinx"
| #define PACKAGE_VERSION "5prealpha"
| #define PACKAGE_STRING "pocketsphinx 5prealpha"
| #define PACKAGE_BUGREPORT ""
| #define PACKAGE_URL ""
| /* end confdefs.h.  */
| #include <ac_nonexistent.h>
configure:4286: result: gcc -E
configure:4306: gcc -E  conftest.c
configure:4306: $? = 0
configure:4320: gcc -E  conftest.c
conftest.c:9:28: fatal error: ac_nonexistent.h: No such file or directory
compilation terminated.
configure:4320: $? = 1
configure: failed program was:
| /* confdefs.h */
| #define PACKAGE_NAME "pocketsphinx"
| #define PACKAGE_TARNAME "pocketsphinx"
| #define PACKAGE_VERSION "5prealpha"
| #define PACKAGE_STRING "pocketsphinx 5prealpha"
| #define PACKAGE_BUGREPORT ""
| #define PACKAGE_URL ""
| /* end confdefs.h.  */
| #include <ac_nonexistent.h>
configure:4349: checking for grep that handles long lines and -e
configure:4407: result: /usr/bin/grep
configure:4412: checking for egrep
configure:4474: result: /usr/bin/grep -E
configure:4479: checking for ANSI C header files
configure:4499: gcc -c -g -O2 -Wall  conftest.c >&5
configure:4499: $? = 0
configure:4572: gcc -o conftest -g -O2 -Wall   conftest.c  >&5
configure:4572: $? = 0
configure:4572: ./conftest
configure:4572: $? = 0
configure:4583: result: yes
configure:4596: checking for sys/types.h
configure:4596: gcc -c -g -O2 -Wall  conftest.c >&5
configure:4596: $? = 0
configure:4596: result: yes
configure:4596: checking for sys/stat.h
configure:4596: gcc -c -g -O2 -Wall  conftest.c >&5
configure:4596: $? = 0
configure:4596: result: yes
configure:4596: checking for stdlib.h
configure:4596: gcc -c -g -O2 -Wall  conftest.c >&5
configure:4596: $? = 0
configure:4596: result: yes
configure:4596: checking for string.h
configure:4596: gcc -c -g -O2 -Wall  conftest.c >&5
configure:4596: $? = 0
configure:4596: result: yes
configure:4596: checking for memory.h
configure:4596: gcc -c -g -O2 -Wall  conftest.c >&5
configure:4596: $? = 0
configure:4596: result: yes
configure:4596: checking for strings.h
configure:4596: gcc -c -g -O2 -Wall  conftest.c >&5
configure:4596: $? = 0
configure:4596: result: yes
configure:4596: checking for inttypes.h
configure:4596: gcc -c -g -O2 -Wall  conftest.c >&5
configure:4596: $? = 0
configure:4596: result: yes
configure:4596: checking for stdint.h
configure:4596: gcc -c -g -O2 -Wall  conftest.c >&5
configure:4596: $? = 0
configure:4596: result: yes
configure:4596: checking for unistd.h
configure:4596: gcc -c -g -O2 -Wall  conftest.c >&5
configure:4596: $? = 0
configure:4596: result: yes
configure:4608: checking whether byte ordering is bigendian
configure:4623: gcc -c -g -O2 -Wall  conftest.c >&5
conftest.c:20:9: error: unknown type name 'not'
         not a universal capable compiler
         ^
conftest.c:20:15: error: expected '=', ',', ';', 'asm' or '__attribute__' before 'universal'
         not a universal capable compiler
               ^
conftest.c:20:15: error: unknown type name 'universal'
configure:4623: $? = 1
configure: failed program was:
| /* confdefs.h */
| #define PACKAGE_NAME "pocketsphinx"
| #define PACKAGE_TARNAME "pocketsphinx"
| #define PACKAGE_VERSION "5prealpha"
| #define PACKAGE_STRING "pocketsphinx 5prealpha"
| #define PACKAGE_BUGREPORT ""
| #define PACKAGE_URL ""
| #define STDC_HEADERS 1
| #define HAVE_SYS_TYPES_H 1
| #define HAVE_SYS_STAT_H 1
| #define HAVE_STDLIB_H 1
| #define HAVE_STRING_H 1
| #define HAVE_MEMORY_H 1
| #define HAVE_STRINGS_H 1
| #define HAVE_INTTYPES_H 1
| #define HAVE_STDINT_H 1
| #define HAVE_UNISTD_H 1
| /* end confdefs.h.  */
| #ifndef __APPLE_CC__
| 	       not a universal capable compiler
| 	     #endif
| 	     typedef int dummy;
| 
configure:4668: gcc -c -g -O2 -Wall  conftest.c >&5
configure:4668: $? = 0
configure:4686: gcc -c -g -O2 -Wall  conftest.c >&5
conftest.c: In function 'main':
conftest.c:26:4: error: unknown type name 'not'
    not big endian
    ^
conftest.c:26:12: error: expected '=', ',', ';', 'asm' or '__attribute__' before 'endian'
    not big endian
            ^
configure:4686: $? = 1
configure: failed program was:
| /* confdefs.h */
| #define PACKAGE_NAME "pocketsphinx"
| #define PACKAGE_TARNAME "pocketsphinx"
| #define PACKAGE_VERSION "5prealpha"
| #define PACKAGE_STRING "pocketsphinx 5prealpha"
| #define PACKAGE_BUGREPORT ""
| #define PACKAGE_URL ""
| #define STDC_HEADERS 1
| #define HAVE_SYS_TYPES_H 1
| #define HAVE_SYS_STAT_H 1
| #define HAVE_STDLIB_H 1
| #define HAVE_STRING_H 1
| #define HAVE_MEMORY_H 1
| #define HAVE_STRINGS_H 1
| #define HAVE_INTTYPES_H 1
| #define HAVE_STDINT_H 1
| #define HAVE_UNISTD_H 1
| /* end confdefs.h.  */
| #include <sys/types.h>
| 		#include <sys/param.h>
| 
| int
| main ()
| {
| #if BYTE_ORDER != BIG_ENDIAN
| 		 not big endian
| 		#endif
| 
|   ;
|   return 0;
| }
configure:4814: result: no
configure:4832: checking for long long
configure:4832: gcc -c -g -O2 -Wall  conftest.c >&5
configure:4832: $? = 0
configure:4832: gcc -c -g -O2 -Wall  conftest.c >&5
conftest.c: In function 'main':
conftest.c:55:24: error: expected expression before ')' token
 if (sizeof ((long long)))
                        ^
configure:4832: $? = 1
configure: failed program was:
| /* confdefs.h */
| #define PACKAGE_NAME "pocketsphinx"
| #define PACKAGE_TARNAME "pocketsphinx"
| #define PACKAGE_VERSION "5prealpha"
| #define PACKAGE_STRING "pocketsphinx 5prealpha"
| #define PACKAGE_BUGREPORT ""
| #define PACKAGE_URL ""
| #define STDC_HEADERS 1
| #define HAVE_SYS_TYPES_H 1
| #define HAVE_SYS_STAT_H 1
| #define HAVE_STDLIB_H 1
| #define HAVE_STRING_H 1
| #define HAVE_MEMORY_H 1
| #define HAVE_STRINGS_H 1
| #define HAVE_INTTYPES_H 1
| #define HAVE_STDINT_H 1
| #define HAVE_UNISTD_H 1
| /* end confdefs.h.  */
| #include <stdio.h>
| #ifdef HAVE_SYS_TYPES_H
| # include <sys/types.h>
| #endif
| #ifdef HAVE_SYS_STAT_H
| # include <sys/stat.h>
| #endif
| #ifdef STDC_HEADERS
| # include <stdlib.h>
| # include <stddef.h>
| #else
| # ifdef HAVE_STDLIB_H
| #  include <stdlib.h>
| # endif
| #endif
| #ifdef HAVE_STRING_H
| # if !defined STDC_HEADERS && defined HAVE_MEMORY_H
| #  include <memory.h>
| # endif
| # include <string.h>
| #endif
| #ifdef HAVE_STRINGS_H
| # include <strings.h>
| #endif
| #ifdef HAVE_INTTYPES_H
| # include <inttypes.h>
| #endif
| #ifdef HAVE_STDINT_H
| # include <stdint.h>
| #endif
| #ifdef HAVE_UNISTD_H
| # include <unistd.h>
| #endif
| int
| main ()
| {
| if (sizeof ((long long)))
| 	    return 0;
|   ;
|   return 0;
| }
configure:4832: result: yes
configure:4846: checking size of long long
configure:4851: gcc -o conftest -g -O2 -Wall   conftest.c  >&5
configure:4851: $? = 0
configure:4851: ./conftest
configure:4851: $? = 0
configure:4865: result: 8
configure:4877: checking for dup2
configure:4877: gcc -o conftest -g -O2 -Wall   conftest.c  >&5
configure:4877: $? = 0
configure:4877: result: yes
configure:4933: checking how to print strings
configure:4960: result: printf
configure:4981: checking for a sed that does not truncate output
configure:5045: result: /usr/bin/sed
configure:5063: checking for fgrep
configure:5125: result: /usr/bin/grep -F
configure:5160: checking for ld used by gcc
configure:5227: result: /usr/bin/ld
configure:5234: checking if the linker (/usr/bin/ld) is GNU ld
configure:5249: result: yes
configure:5261: checking for BSD- or MS-compatible name lister (nm)
configure:5315: result: /usr/bin/nm -B
configure:5445: checking the name lister (/usr/bin/nm -B) interface
configure:5452: gcc -c -g -O2 -Wall  conftest.c >&5
configure:5455: /usr/bin/nm -B "conftest.o"
configure:5458: output
0000000000000000 B some_variable
configure:5465: result: BSD nm
configure:5468: checking whether ln -s works
configure:5472: result: yes
configure:5480: checking the maximum length of command line arguments
configure:5611: result: 1572864
configure:5659: checking how to convert x86_64-unknown-linux-gnu file names to x86_64-unknown-linux-gnu format
configure:5699: result: func_convert_file_noop
configure:5706: checking how to convert x86_64-unknown-linux-gnu file names to toolchain format
configure:5726: result: func_convert_file_noop
configure:5733: checking for /usr/bin/ld option to reload object files
configure:5740: result: -r
configure:5814: checking for objdump
configure:5830: found /usr/bin/objdump
configure:5841: result: objdump
configure:5873: checking how to recognize dependent libraries
configure:6073: result: pass_all
configure:6158: checking for dlltool
configure:6188: result: no
configure:6218: checking how to associate runtime and link libraries
configure:6245: result: printf %s\n
configure:6305: checking for ar
configure:6321: found /usr/bin/ar
configure:6332: result: ar
configure:6369: checking for archiver @FILE support
configure:6386: gcc -c -g -O2 -Wall  conftest.c >&5
configure:6386: $? = 0
configure:6389: ar cru libconftest.a @conftest.lst >&5
ar: `u' modifier ignored since `D' is the default (see `U')
configure:6392: $? = 0
configure:6397: ar cru libconftest.a @conftest.lst >&5
ar: `u' modifier ignored since `D' is the default (see `U')
ar: conftest.o: No such file or directory
configure:6400: $? = 1
configure:6412: result: @
configure:6470: checking for strip
configure:6486: found /usr/bin/strip
configure:6497: result: strip
configure:6569: checking for ranlib
configure:6585: found /usr/bin/ranlib
configure:6596: result: ranlib
configure:6698: checking command to parse /usr/bin/nm -B output from gcc object
configure:6851: gcc -c -g -O2 -Wall  conftest.c >&5
configure:6854: $? = 0
configure:6858: /usr/bin/nm -B conftest.o \| sed -n -e 's/^.*[ ]\([ABCDGIRSTW][ABCDGIRSTW]*\)[ ][ ]*\([_A-Za-z][_A-Za-z0-9]*\)$/\1 \2 \2/p' | sed '/ __gnu_lto/d' \> conftest.nm
configure:6861: $? = 0
configure:6927: gcc -o conftest -g -O2 -Wall   conftest.c conftstm.o >&5
configure:6930: $? = 0
configure:6968: result: ok
configure:7015: checking for sysroot
configure:7045: result: no
configure:7052: checking for a working dd
configure:7090: result: /usr/bin/dd
configure:7094: checking how to truncate binary pipes
configure:7109: result: /usr/bin/dd bs=4096 count=1
configure:7245: gcc -c -g -O2 -Wall  conftest.c >&5
configure:7248: $? = 0
configure:7438: checking for mt
configure:7468: result: no
configure:7488: checking if : is a manifest tool
configure:7494: : '-?'
configure:7502: result: no
configure:8176: checking for dlfcn.h
configure:8176: gcc -c -g -O2 -Wall  conftest.c >&5
configure:8176: $? = 0
configure:8176: result: yes
configure:8432: checking for objdir
configure:8447: result: .libs
configure:8711: checking if gcc supports -fno-rtti -fno-exceptions
configure:8729: gcc -c -g -O2 -Wall  -fno-rtti -fno-exceptions conftest.c >&5
cc1: warning: command line option '-fno-rtti' is valid for C++/ObjC++ but not for C
configure:8733: $? = 0
configure:8746: result: no
configure:9104: checking for gcc option to produce PIC
configure:9111: result: -fPIC -DPIC
configure:9119: checking if gcc PIC flag -fPIC -DPIC works
configure:9137: gcc -c -g -O2 -Wall  -fPIC -DPIC -DPIC conftest.c >&5
configure:9141: $? = 0
configure:9154: result: yes
configure:9183: checking if gcc static flag -static works
configure:9211: result: no
configure:9226: checking if gcc supports -c -o file.o
configure:9247: gcc -c -g -O2 -Wall  -o out/conftest2.o conftest.c >&5
configure:9251: $? = 0
configure:9273: result: yes
configure:9281: checking if gcc supports -c -o file.o
configure:9328: result: yes
configure:9361: checking whether the gcc linker (/usr/bin/ld -m elf_x86_64) supports shared libraries
configure:10620: result: yes
configure:10657: checking whether -lc should be explicitly linked in
configure:10665: gcc -c -g -O2 -Wall  conftest.c >&5
configure:10668: $? = 0
configure:10683: gcc -shared  -fPIC -DPIC conftest.o  -v -Wl,-soname -Wl,conftest -o conftest 2\>\&1 \| /usr/bin/grep  -lc  \>/dev/null 2\>\&1
configure:10686: $? = 0
configure:10700: result: no
configure:10860: checking dynamic linker characteristics
configure:11441: gcc -o conftest -g -O2 -Wall   -Wl,-rpath -Wl,/foo conftest.c  >&5
configure:11441: $? = 0
configure:11681: result: GNU/Linux ld.so
configure:11803: checking how to hardcode library paths into programs
configure:11828: result: immediate
configure:12376: checking whether stripping libraries is possible
configure:12381: result: yes
configure:12416: checking if libtool supports shared libraries
configure:12418: result: yes
configure:12421: checking whether to build shared libraries
configure:12446: result: yes
configure:12449: checking whether to build static libraries
configure:12453: result: yes
configure:12493: checking for pkg-config
configure:12509: found /usr/bin/pkg-config
configure:12521: result: yes
configure:12532: checking for doxygen
configure:12560: result: no
configure:12620: checking for a Python interpreter with version >= 2.4
configure:12637: python -c import sys # split strings by '.' and convert to numeric. Append some zeros # because we need at least 4 digits for the hex conversion. # map returns an iterator in Python 3.0 and a list in 2.x minver = list(map(int, '2.4'.split('.'))) + [0, 0, 0] minverhex = 0 # xrange is not present in Python 3.0 and range returns an iterator for i in list(range(0, 4)): minverhex = (minverhex << 8) + minver[i] sys.exit(sys.hexversion < minverhex)
configure:12640: $? = 0
configure:12646: result: python
configure:12654: checking for python
configure:12672: found /usr/bin/python
configure:12684: result: /usr/bin/python
configure:12702: checking for python version
configure:12709: result: 2.7
configure:12721: checking for python platform
configure:12728: result: linux2
configure:12754: checking for python script directory
configure:12789: result: ${prefix}/lib/python2.7/site-packages
configure:12798: checking for python extension module directory
configure:12833: result: ${exec_prefix}/lib64/python2.7/site-packages
configure:12846: checking for python include path
configure:12862: result: -I/usr/include/python2.7
configure:12870: checking for swig
configure:12888: found /usr/bin/swig
configure:12900: result: /usr/bin/swig
configure:12914: checking SWIG version
configure:12917: result: 3.0.7
configure:12966: checking for SWIG library
configure:12969: result: /usr/share/swig/3.0.7
configure:13045: checking for pkg-config
configure:13063: found /usr/bin/pkg-config
configure:13075: result: /usr/bin/pkg-config
configure:13100: checking pkg-config is at least version 0.9.0
configure:13103: result: yes
configure:13114: checking for GStreamer
configure:13124: $PKG_CONFIG --exists --print-errors "gstreamer-$GST_MAJORMINOR >= 1.0
		       gstreamer-base-$GST_MAJORMINOR >= 1.0
		       gstreamer-plugins-base-$GST_MAJORMINOR >= 1.0"
Package gstreamer-1.0 was not found in the pkg-config search path.
Perhaps you should add the directory containing `gstreamer-1.0.pc'
to the PKG_CONFIG_PATH environment variable
No package 'gstreamer-1.0' found
Package gstreamer-base-1.0 was not found in the pkg-config search path.
Perhaps you should add the directory containing `gstreamer-base-1.0.pc'
to the PKG_CONFIG_PATH environment variable
No package 'gstreamer-base-1.0' found
Package gstreamer-plugins-base-1.0 was not found in the pkg-config search path.
Perhaps you should add the directory containing `gstreamer-plugins-base-1.0.pc'
to the PKG_CONFIG_PATH environment variable
No package 'gstreamer-plugins-base-1.0' found
configure:13129: $? = 1
configure:13148: $PKG_CONFIG --exists --print-errors "gstreamer-$GST_MAJORMINOR >= 1.0
		       gstreamer-base-$GST_MAJORMINOR >= 1.0
		       gstreamer-plugins-base-$GST_MAJORMINOR >= 1.0"
Package gstreamer-1.0 was not found in the pkg-config search path.
Perhaps you should add the directory containing `gstreamer-1.0.pc'
to the PKG_CONFIG_PATH environment variable
No package 'gstreamer-1.0' found
Package gstreamer-base-1.0 was not found in the pkg-config search path.
Perhaps you should add the directory containing `gstreamer-base-1.0.pc'
to the PKG_CONFIG_PATH environment variable
No package 'gstreamer-base-1.0' found
Package gstreamer-plugins-base-1.0 was not found in the pkg-config search path.
Perhaps you should add the directory containing `gstreamer-plugins-base-1.0.pc'
to the PKG_CONFIG_PATH environment variable
No package 'gstreamer-plugins-base-1.0' found
configure:13153: $? = 1
No package 'gstreamer-1.0' found
No package 'gstreamer-base-1.0' found
No package 'gstreamer-plugins-base-1.0' found
configure:13187: result: no
configure:13247: checking for sphinxbase in /home/nate/Documents/sphynx/speech/sources/pocketsphinx-5prealpha/../sphinxbase
configure:13255: result: no
configure:13247: checking for sphinxbase in /home/nate/Documents/sphynx/speech/sources/pocketsphinx-5prealpha/../sphinxbase-5prealpha
configure:13251: result: yes
configure:13528: checking that generated files are newer than configure
configure:13534: result: done
configure:13570: creating ./config.status

## ---------------------- ##
## Running config.status. ##
## ---------------------- ##

This file was extended by pocketsphinx config.status 5prealpha, which was
generated by GNU Autoconf 2.69.  Invocation command line was

  CONFIG_FILES    = 
  CONFIG_HEADERS  = 
  CONFIG_LINKS    = 
  CONFIG_COMMANDS = 
  $ ./config.status 

on natep

config.status:1054: creating pocketsphinx.pc
config.status:1054: creating Makefile
config.status:1054: creating include/Makefile
config.status:1054: creating src/Makefile
config.status:1054: creating swig/Makefile
config.status:1054: creating swig/python/Makefile
config.status:1054: creating swig/python/test/Makefile
config.status:1054: creating src/libpocketsphinx/Makefile
config.status:1054: creating src/programs/Makefile
config.status:1054: creating src/gst-plugin/Makefile
config.status:1054: creating doc/Makefile
config.status:1054: creating doc/doxyfile
config.status:1054: creating model/Makefile
config.status:1054: creating test/Makefile
config.status:1054: creating test/testfuncs.sh
config.status:1054: creating test/unit/Makefile
config.status:1054: creating test/regression/Makefile
config.status:1226: executing depfiles commands
config.status:1226: executing libtool commands

## ---------------- ##
## Cache variables. ##
## ---------------- ##

ac_cv_build=x86_64-unknown-linux-gnu
ac_cv_c_bigendian=no
ac_cv_c_compiler_gnu=yes
ac_cv_env_CC_set=
ac_cv_env_CC_value=
ac_cv_env_CFLAGS_set=
ac_cv_env_CFLAGS_value=
ac_cv_env_CPPFLAGS_set=
ac_cv_env_CPPFLAGS_value=
ac_cv_env_CPP_set=
ac_cv_env_CPP_value=
ac_cv_env_GStreamer_CFLAGS_set=
ac_cv_env_GStreamer_CFLAGS_value=
ac_cv_env_GStreamer_LIBS_set=
ac_cv_env_GStreamer_LIBS_value=
ac_cv_env_LDFLAGS_set=
ac_cv_env_LDFLAGS_value=
ac_cv_env_LIBS_set=
ac_cv_env_LIBS_value=
ac_cv_env_LT_SYS_LIBRARY_PATH_set=
ac_cv_env_LT_SYS_LIBRARY_PATH_value=
ac_cv_env_PKG_CONFIG_set=
ac_cv_env_PKG_CONFIG_value=
ac_cv_env_PYTHON_set=
ac_cv_env_PYTHON_value=
ac_cv_env_SPHINXBASE_CFLAGS_set=
ac_cv_env_SPHINXBASE_CFLAGS_value=
ac_cv_env_SPHINXBASE_LIBS_set=
ac_cv_env_SPHINXBASE_LIBS_value=
ac_cv_env_build_alias_set=
ac_cv_env_build_alias_value=
ac_cv_env_host_alias_set=
ac_cv_env_host_alias_value=
ac_cv_env_target_alias_set=
ac_cv_env_target_alias_value=
ac_cv_func_dup2=yes
ac_cv_header_dlfcn_h=yes
ac_cv_header_inttypes_h=yes
ac_cv_header_memory_h=yes
ac_cv_header_stdc=yes
ac_cv_header_stdint_h=yes
ac_cv_header_stdlib_h=yes
ac_cv_header_string_h=yes
ac_cv_header_strings_h=yes
ac_cv_header_sys_stat_h=yes
ac_cv_header_sys_types_h=yes
ac_cv_header_unistd_h=yes
ac_cv_host=x86_64-unknown-linux-gnu
ac_cv_objext=o
ac_cv_path_EGREP='/usr/bin/grep -E'
ac_cv_path_FGREP='/usr/bin/grep -F'
ac_cv_path_GREP=/usr/bin/grep
ac_cv_path_PYTHON=/usr/bin/python
ac_cv_path_SED=/usr/bin/sed
ac_cv_path_SWIG=/usr/bin/swig
ac_cv_path_ac_pt_PKG_CONFIG=/usr/bin/pkg-config
ac_cv_path_install='/usr/bin/install -c'
ac_cv_path_lt_DD=/usr/bin/dd
ac_cv_path_mkdir=/usr/bin/mkdir
ac_cv_prog_AWK=gawk
ac_cv_prog_CPP='gcc -E'
ac_cv_prog_HAVE_DOXYGEN=no
ac_cv_prog_HAVE_PKGCONFIG=yes
ac_cv_prog_ac_ct_AR=ar
ac_cv_prog_ac_ct_CC=gcc
ac_cv_prog_ac_ct_OBJDUMP=objdump
ac_cv_prog_ac_ct_RANLIB=ranlib
ac_cv_prog_ac_ct_STRIP=strip
ac_cv_prog_cc_c89=
ac_cv_prog_cc_g=yes
ac_cv_prog_make_make_set=yes
ac_cv_sizeof_long_long=8
ac_cv_type_long_long=yes
am_cv_CC_dependencies_compiler_type=gcc3
am_cv_make_support_nested_variables=yes
am_cv_pathless_PYTHON=python
am_cv_prog_cc_c_o=yes
am_cv_python_platform=linux2
am_cv_python_pyexecdir='${exec_prefix}/lib64/python2.7/site-packages'
am_cv_python_pythondir='${prefix}/lib/python2.7/site-packages'
am_cv_python_version=2.7
lt_cv_ar_at_file=@
lt_cv_archive_cmds_need_lc=no
lt_cv_deplibs_check_method=pass_all
lt_cv_file_magic_cmd='$MAGIC_CMD'
lt_cv_file_magic_test_file=
lt_cv_ld_reload_flag=-r
lt_cv_nm_interface='BSD nm'
lt_cv_objdir=.libs
lt_cv_path_LD=/usr/bin/ld
lt_cv_path_NM='/usr/bin/nm -B'
lt_cv_path_mainfest_tool=no
lt_cv_prog_compiler_c_o=yes
lt_cv_prog_compiler_pic='-fPIC -DPIC'
lt_cv_prog_compiler_pic_works=yes
lt_cv_prog_compiler_rtti_exceptions=no
lt_cv_prog_compiler_static_works=no
lt_cv_prog_gnu_ld=yes
lt_cv_sharedlib_from_linklib_cmd='printf %s\n'
lt_cv_shlibpath_overrides_runpath=no
lt_cv_sys_global_symbol_pipe='sed -n -e '\''s/^.*[	 ]\([ABCDGIRSTW][ABCDGIRSTW]*\)[	 ][	 ]*\([_A-Za-z][_A-Za-z0-9]*\)$/\1 \2 \2/p'\'' | sed '\''/ __gnu_lto/d'\'''
lt_cv_sys_global_symbol_to_c_name_address='sed -n -e '\''s/^: \(.*\) .*$/  {"\1", (void *) 0},/p'\'' -e '\''s/^[ABCDGIRSTW][ABCDGIRSTW]* .* \(.*\)$/  {"\1", (void *) \&\1},/p'\'''
lt_cv_sys_global_symbol_to_c_name_address_lib_prefix='sed -n -e '\''s/^: \(.*\) .*$/  {"\1", (void *) 0},/p'\'' -e '\''s/^[ABCDGIRSTW][ABCDGIRSTW]* .* \(lib.*\)$/  {"\1", (void *) \&\1},/p'\'' -e '\''s/^[ABCDGIRSTW][ABCDGIRSTW]* .* \(.*\)$/  {"lib\1", (void *) \&\1},/p'\'''
lt_cv_sys_global_symbol_to_cdecl='sed -n -e '\''s/^T .* \(.*\)$/extern int \1();/p'\'' -e '\''s/^[ABCDGIRSTW][ABCDGIRSTW]* .* \(.*\)$/extern char \1;/p'\'''
lt_cv_sys_global_symbol_to_import=
lt_cv_sys_max_cmd_len=1572864
lt_cv_to_host_file_cmd=func_convert_file_noop
lt_cv_to_tool_file_cmd=func_convert_file_noop
lt_cv_truncate_bin='/usr/bin/dd bs=4096 count=1'

## ----------------- ##
## Output variables. ##
## ----------------- ##

ACLOCAL='${SHELL} /home/nate/Documents/sphynx/speech/sources/pocketsphinx-5prealpha/missing aclocal-1.15'
AMDEPBACKSLASH='\'
AMDEP_FALSE='#'
AMDEP_TRUE=''
AMTAR='$${TAR-tar}'
AM_BACKSLASH='\'
AM_DEFAULT_V='$(AM_DEFAULT_VERBOSITY)'
AM_DEFAULT_VERBOSITY='1'
AM_V='$(V)'
AR='ar'
AUTOCONF='${SHELL} /home/nate/Documents/sphynx/speech/sources/pocketsphinx-5prealpha/missing autoconf'
AUTOHEADER='${SHELL} /home/nate/Documents/sphynx/speech/sources/pocketsphinx-5prealpha/missing autoheader'
AUTOMAKE='${SHELL} /home/nate/Documents/sphynx/speech/sources/pocketsphinx-5prealpha/missing automake-1.15'
AWK='gawk'
BUILD_DOXYGEN_FALSE=''
BUILD_DOXYGEN_TRUE='#'
BUILD_GST_FALSE=''
BUILD_GST_TRUE='#'
BUILD_SWIG_FALSE='#'
BUILD_SWIG_TRUE=''
CC='gcc'
CCDEPMODE='depmode=gcc3'
CFLAGS='-g -O2 -Wall'
CPP='gcc -E'
CPPFLAGS=' -I/home/nate/Documents/sphynx/speech/sources/pocketsphinx-5prealpha/../sphinxbase-5prealpha/include'
CYGPATH_W='echo'
DEFS='-DPACKAGE_NAME=\"pocketsphinx\" -DPACKAGE_TARNAME=\"pocketsphinx\" -DPACKAGE_VERSION=\"5prealpha\" -DPACKAGE_STRING=\"pocketsphinx\ 5prealpha\" -DPACKAGE_BUGREPORT=\"\" -DPACKAGE_URL=\"\" -DSTDC_HEADERS=1 -DHAVE_SYS_TYPES_H=1 -DHAVE_SYS_STAT_H=1 -DHAVE_STDLIB_H=1 -DHAVE_STRING_H=1 -DHAVE_MEMORY_H=1 -DHAVE_STRINGS_H=1 -DHAVE_INTTYPES_H=1 -DHAVE_STDINT_H=1 -DHAVE_UNISTD_H=1 -DHAVE_LONG_LONG=1 -DSIZEOF_LONG_LONG=8 -DHAVE_DUP2=1 -DHAVE_DLFCN_H=1 -DLT_OBJDIR=\".libs/\"'
DEPDIR='.deps'
DLLTOOL='false'
DSYMUTIL=''
DUMPBIN=''
ECHO_C=''
ECHO_N='-n'
ECHO_T=''
EGREP='/usr/bin/grep -E'
EXEEXT=''
FGREP='/usr/bin/grep -F'
GREP='/usr/bin/grep'
GST_CFLAGS=' '
GST_LIBS=''
GST_MAJORMINOR='1.0'
GST_PLUGIN_LDFLAGS='-module -avoid-version -export-symbols-regex _*\(gst_\|Gst\|GST_\).*'
GStreamer_CFLAGS=''
GStreamer_LIBS=''
HAVE_DOXYGEN='no'
HAVE_PKGCONFIG='yes'
INSTALL_DATA='${INSTALL} -m 644'
INSTALL_PROGRAM='${INSTALL}'
INSTALL_SCRIPT='${INSTALL}'
INSTALL_STRIP_PROGRAM='$(install_sh) -c -s'
LD='/usr/bin/ld -m elf_x86_64'
LDFLAGS=' -L/home/nate/Documents/sphynx/speech/sources/pocketsphinx-5prealpha/../sphinxbase-5prealpha/src/libsphinxad 		     -L/home/nate/Documents/sphynx/speech/sources/pocketsphinx-5prealpha/../sphinxbase-5prealpha/src/libsphinxbase'
LIBOBJS=''
LIBS=' -lsphinxbase'
LIBTOOL='$(SHELL) $(top_builddir)/libtool'
LIPO=''
LN_S='ln -s'
LTLIBOBJS=''
LT_SYS_LIBRARY_PATH=''
MAKEINFO='${SHELL} /home/nate/Documents/sphynx/speech/sources/pocketsphinx-5prealpha/missing makeinfo'
MANIFEST_TOOL=':'
MKDIR_P='/usr/bin/mkdir -p'
NM='/usr/bin/nm -B'
NMEDIT=''
OBJDUMP='objdump'
OBJEXT='o'
OTOOL64=''
OTOOL=''
PACKAGE='pocketsphinx'
PACKAGE_BUGREPORT=''
PACKAGE_NAME='pocketsphinx'
PACKAGE_STRING='pocketsphinx 5prealpha'
PACKAGE_TARNAME='pocketsphinx'
PACKAGE_URL=''
PACKAGE_VERSION='5prealpha'
PATH_SEPARATOR=':'
PKG_CONFIG='/usr/bin/pkg-config'
PYTHON='/usr/bin/python'
PYTHON_CPPFLAGS='-I/usr/include/python2.7'
PYTHON_EXEC_PREFIX='${exec_prefix}'
PYTHON_PLATFORM='linux2'
PYTHON_PREFIX='${prefix}'
PYTHON_VERSION='2.7'
RANLIB='ranlib'
SED='/usr/bin/sed'
SET_MAKE=''
SHELL='/bin/sh'
SPHINXBASE_CFLAGS=''
SPHINXBASE_LIBS=''
SPHINXBASE_SWIG='/home/nate/Documents/sphynx/speech/sources/pocketsphinx-5prealpha/../sphinxbase-5prealpha/swig'
STRIP='strip'
SWIG='/usr/bin/swig'
SWIG_LIB='/usr/share/swig/3.0.7'
VERSION='5prealpha'
ac_ct_AR='ar'
ac_ct_CC='gcc'
ac_ct_DUMPBIN=''
am__EXEEXT_FALSE=''
am__EXEEXT_TRUE='#'
am__fastdepCC_FALSE='#'
am__fastdepCC_TRUE=''
am__include='include'
am__isrc=''
am__leading_dot='.'
am__nodep='_no'
am__quote=''
am__tar='$${TAR-tar} chof - "$$tardir"'
am__untar='$${TAR-tar} xf -'
bindir='${exec_prefix}/bin'
build='x86_64-unknown-linux-gnu'
build_alias=''
build_cpu='x86_64'
build_os='linux-gnu'
build_vendor='unknown'
datadir='${datarootdir}'
datarootdir='${prefix}/share'
docdir='${datarootdir}/doc/${PACKAGE_TARNAME}'
dvidir='${docdir}'
exec_prefix='${prefix}'
host='x86_64-unknown-linux-gnu'
host_alias=''
host_cpu='x86_64'
host_os='linux-gnu'
host_vendor='unknown'
htmldir='${docdir}'
includedir='${prefix}/include'
infodir='${datarootdir}/info'
install_sh='${SHELL} /home/nate/Documents/sphynx/speech/sources/pocketsphinx-5prealpha/install-sh'
libdir='${exec_prefix}/lib'
libexecdir='${exec_prefix}/libexec'
localedir='${datarootdir}/locale'
localstatedir='${prefix}/var'
mandir='${datarootdir}/man'
mkdir_p='$(MKDIR_P)'
oldincludedir='/usr/include'
pdfdir='${docdir}'
pkgpyexecdir='${pyexecdir}/pocketsphinx'
pkgpythondir='${pythondir}/pocketsphinx'
plugindir='$(libdir)/gstreamer-1.0'
prefix='/usr/local'
program_transform_name='s,x,x,'
psdir='${docdir}'
pyexecdir='${exec_prefix}/lib64/python2.7/site-packages'
pythondir='${prefix}/lib/python2.7/site-packages'
sbindir='${exec_prefix}/sbin'
sharedstatedir='${prefix}/com'
sysconfdir='${prefix}/etc'
target_alias=''

## ----------- ##
## confdefs.h. ##
## ----------- ##

/* confdefs.h */
#define PACKAGE_NAME "pocketsphinx"
#define PACKAGE_TARNAME "pocketsphinx"
#define PACKAGE_VERSION "5prealpha"
#define PACKAGE_STRING "pocketsphinx 5prealpha"
#define PACKAGE_BUGREPORT ""
#define PACKAGE_URL ""
#define STDC_HEADERS 1
#define HAVE_SYS_TYPES_H 1
#define HAVE_SYS_STAT_H 1
#define HAVE_STDLIB_H 1
#define HAVE_STRING_H 1
#define HAVE_MEMORY_H 1
#define HAVE_STRINGS_H 1
#define HAVE_INTTYPES_H 1
#define HAVE_STDINT_H 1
#define HAVE_UNISTD_H 1
#define HAVE_LONG_LONG 1
#define SIZEOF_LONG_LONG 8
#define HAVE_DUP2 1
#define HAVE_DLFCN_H 1
#define LT_OBJDIR ".libs/"

configure: exit 0
